<?xml version="1.0" encoding="UTF-8"?>
<testsuite xmlns:xsi="http://www.w3.org/2001/XMLSchema-instance" xsi:noNamespaceSchemaLocation="https://maven.apache.org/surefire/maven-surefire-plugin/xsd/surefire-test-report-3.0.xsd" version="3.0" name="TestSuite" time="34.123" tests="1" errors="0" skipped="0" failures="1">
  <properties>
    <property name="sun.desktop" value="windows"/>
    <property name="awt.toolkit" value="sun.awt.windows.WToolkit"/>
    <property name="java.specification.version" value="1.8"/>
    <property name="file.encoding.pkg" value="sun.io"/>
    <property name="webdriver.chrome.driver" value="C:\Users\Sshetty9\.m2\repository\webdriver\chromedriver\win32\80.0.3987.106\chromedriver.exe"/>
    <property name="sun.cpu.isalist" value="amd64"/>
    <property name="sun.jnu.encoding" value="Cp1252"/>
    <property name="java.class.path" value="C:\ProMSAutomation\target\test-classes;C:\ProMSAutomation\target\classes;C:\Users\Sshetty9\.m2\repository\com\github\2gis\winium\winium-webdriver\0.1.0-1\winium-webdriver-0.1.0-1.jar;C:\Users\Sshetty9\.m2\repository\org\seleniumhq\selenium\selenium-java\3.9.1\selenium-java-3.9.1.jar;C:\Users\Sshetty9\.m2\repository\org\seleniumhq\selenium\selenium-api\3.9.1\selenium-api-3.9.1.jar;C:\Users\Sshetty9\.m2\repository\org\seleniumhq\selenium\selenium-chrome-driver\3.9.1\selenium-chrome-driver-3.9.1.jar;C:\Users\Sshetty9\.m2\repository\org\seleniumhq\selenium\selenium-edge-driver\3.9.1\selenium-edge-driver-3.9.1.jar;C:\Users\Sshetty9\.m2\repository\org\seleniumhq\selenium\selenium-firefox-driver\3.9.1\selenium-firefox-driver-3.9.1.jar;C:\Users\Sshetty9\.m2\repository\org\seleniumhq\selenium\selenium-ie-driver\3.9.1\selenium-ie-driver-3.9.1.jar;C:\Users\Sshetty9\.m2\repository\org\seleniumhq\selenium\selenium-opera-driver\3.9.1\selenium-opera-driver-3.9.1.jar;C:\Users\Sshetty9\.m2\repository\org\seleniumhq\selenium\selenium-remote-driver\3.9.1\selenium-remote-driver-3.9.1.jar;C:\Users\Sshetty9\.m2\repository\org\seleniumhq\selenium\selenium-safari-driver\3.9.1\selenium-safari-driver-3.9.1.jar;C:\Users\Sshetty9\.m2\repository\org\seleniumhq\selenium\selenium-support\3.9.1\selenium-support-3.9.1.jar;C:\Users\Sshetty9\.m2\repository\net\bytebuddy\byte-buddy\1.7.9\byte-buddy-1.7.9.jar;C:\Users\Sshetty9\.m2\repository\org\apache\commons\commons-exec\1.3\commons-exec-1.3.jar;C:\Users\Sshetty9\.m2\repository\commons-codec\commons-codec\1.10\commons-codec-1.10.jar;C:\Users\Sshetty9\.m2\repository\commons-logging\commons-logging\1.2\commons-logging-1.2.jar;C:\Users\Sshetty9\.m2\repository\com\google\code\gson\gson\2.8.2\gson-2.8.2.jar;C:\Users\Sshetty9\.m2\repository\com\google\guava\guava\23.6-jre\guava-23.6-jre.jar;C:\Users\Sshetty9\.m2\repository\org\checkerframework\checker-compat-qual\2.0.0\checker-compat-qual-2.0.0.jar;C:\Users\Sshetty9\.m2\repository\com\google\j2objc\j2objc-annotations\1.1\j2objc-annotations-1.1.jar;C:\Users\Sshetty9\.m2\repository\org\codehaus\mojo\animal-sniffer-annotations\1.14\animal-sniffer-annotations-1.14.jar;C:\Users\Sshetty9\.m2\repository\org\apache\httpcomponents\httpclient\4.5.3\httpclient-4.5.3.jar;C:\Users\Sshetty9\.m2\repository\org\apache\httpcomponents\httpcore\4.4.6\httpcore-4.4.6.jar;C:\Users\Sshetty9\.m2\repository\com\squareup\okhttp3\okhttp\3.9.1\okhttp-3.9.1.jar;C:\Users\Sshetty9\.m2\repository\com\squareup\okio\okio\1.13.0\okio-1.13.0.jar;C:\Users\Sshetty9\.m2\repository\io\github\bonigarcia\webdrivermanager\3.7.1\webdrivermanager-3.7.1.jar;C:\Users\Sshetty9\.m2\repository\org\slf4j\slf4j-api\1.7.25\slf4j-api-1.7.25.jar;C:\Users\Sshetty9\.m2\repository\commons-io\commons-io\2.6\commons-io-2.6.jar;C:\Users\Sshetty9\.m2\repository\org\apache\commons\commons-lang3\3.8.1\commons-lang3-3.8.1.jar;C:\Users\Sshetty9\.m2\repository\org\rauschig\jarchivelib\1.0.0\jarchivelib-1.0.0.jar;C:\Users\Sshetty9\.m2\repository\org\apache\commons\commons-compress\1.18\commons-compress-1.18.jar;C:\Users\Sshetty9\.m2\repository\org\jsoup\jsoup\1.11.3\jsoup-1.11.3.jar;C:\Users\Sshetty9\.m2\repository\org\testng\testng\6.9.10\testng-6.9.10.jar;C:\Users\Sshetty9\.m2\repository\com\beust\jcommander\1.48\jcommander-1.48.jar;C:\Users\Sshetty9\.m2\repository\org\beanshell\bsh\2.0b4\bsh-2.0b4.jar;C:\Users\Sshetty9\.m2\repository\org\apache\commons\commons-text\1.8\commons-text-1.8.jar;C:\Users\Sshetty9\.m2\repository\com\aventstack\extentreports\4.0.9\extentreports-4.0.9.jar;C:\Users\Sshetty9\.m2\repository\org\freemarker\freemarker\2.3.23\freemarker-2.3.23.jar;C:\Users\Sshetty9\.m2\repository\org\mongodb\mongodb-driver\3.3.0\mongodb-driver-3.3.0.jar;C:\Users\Sshetty9\.m2\repository\org\mongodb\mongodb-driver-core\3.3.0\mongodb-driver-core-3.3.0.jar;C:\Users\Sshetty9\.m2\repository\org\mongodb\bson\3.3.0\bson-3.3.0.jar;C:\Users\Sshetty9\.m2\repository\org\apache\httpcomponents\httpmime\4.5.2\httpmime-4.5.2.jar;C:\Users\Sshetty9\.m2\repository\org\yaml\snakeyaml\1.26\snakeyaml-1.26.jar;C:\Users\Sshetty9\.m2\repository\com\cedarsoft\commons\io\8.5.1\io-8.5.1.jar;C:\Users\Sshetty9\.m2\repository\com\google\code\findbugs\jsr305\3.0.2\jsr305-3.0.2.jar;C:\Users\Sshetty9\.m2\repository\com\google\errorprone\error_prone_annotations\2.1.3\error_prone_annotations-2.1.3.jar;C:\Users\Sshetty9\.m2\repository\javax\inject\javax.inject\1\javax.inject-1.jar;C:\Users\Sshetty9\.m2\repository\org\assertj\assertj-core\3.9.0\assertj-core-3.9.0.jar;C:\Users\Sshetty9\.m2\repository\org\jetbrains\kotlin\kotlin-stdlib-jre8\1.2.20\kotlin-stdlib-jre8-1.2.20.jar;C:\Users\Sshetty9\.m2\repository\org\jetbrains\kotlin\kotlin-stdlib\1.2.20\kotlin-stdlib-1.2.20.jar;C:\Users\Sshetty9\.m2\repository\org\jetbrains\annotations\13.0\annotations-13.0.jar;C:\Users\Sshetty9\.m2\repository\org\jetbrains\kotlin\kotlin-stdlib-jre7\1.2.20\kotlin-stdlib-jre7-1.2.20.jar;C:\Users\Sshetty9\.m2\repository\org\jetbrains\kotlin\kotlin-reflect\1.2.20\kotlin-reflect-1.2.20.jar;C:\Users\Sshetty9\.m2\repository\org\apache\poi\poi\3.17\poi-3.17.jar;C:\Users\Sshetty9\.m2\repository\org\apache\commons\commons-collections4\4.1\commons-collections4-4.1.jar;C:\Users\Sshetty9\.m2\repository\org\apache\poi\poi-ooxml\3.15\poi-ooxml-3.15.jar;C:\Users\Sshetty9\.m2\repository\org\apache\poi\poi-ooxml-schemas\3.15\poi-ooxml-schemas-3.15.jar;C:\Users\Sshetty9\.m2\repository\org\apache\xmlbeans\xmlbeans\2.6.0\xmlbeans-2.6.0.jar;C:\Users\Sshetty9\.m2\repository\stax\stax-api\1.0.1\stax-api-1.0.1.jar;C:\Users\Sshetty9\.m2\repository\com\github\virtuald\curvesapi\1.04\curvesapi-1.04.jar;C:\Users\Sshetty9\.m2\repository\org\apache\commons\commons-email\1.2\commons-email-1.2.jar;C:\Users\Sshetty9\.m2\repository\javax\mail\mail\1.4.1\mail-1.4.1.jar;C:\Users\Sshetty9\.m2\repository\javax\activation\activation\1.1\activation-1.1.jar;"/>
    <property name="sun.awt.enableExtraMouseButtons" value="true"/>
    <property name="java.vm.vendor" value="Oracle Corporation"/>
    <property name="sun.arch.data.model" value="64"/>
    <property name="user.variant" value=""/>
    <property name="java.vendor.url" value="http://java.oracle.com/"/>
    <property name="user.timezone" value="Asia/Calcutta"/>
    <property name="java.vm.specification.version" value="1.8"/>
    <property name="os.name" value="Windows 7"/>
    <property name="user.country" value="US"/>
    <property name="sun.java.launcher" value="SUN_STANDARD"/>
    <property name="sun.boot.library.path" value="C:\Program Files\Java\jdk1.8.0_221\jre\bin"/>
    <property name="sun.java.command" value="C:\Users\Sshetty9\AppData\Local\Temp\surefire635374367084241334\surefirebooter4771307096867622007.jar C:\Users\Sshetty9\AppData\Local\Temp\surefire635374367084241334 2020-04-06T17-46-19_713-jvmRun1 surefire3031020627608362812tmp surefire_04337908110727419640tmp"/>
    <property name="surefire.test.class.path" value="C:\ProMSAutomation\target\test-classes;C:\ProMSAutomation\target\classes;C:\Users\Sshetty9\.m2\repository\com\github\2gis\winium\winium-webdriver\0.1.0-1\winium-webdriver-0.1.0-1.jar;C:\Users\Sshetty9\.m2\repository\org\seleniumhq\selenium\selenium-java\3.9.1\selenium-java-3.9.1.jar;C:\Users\Sshetty9\.m2\repository\org\seleniumhq\selenium\selenium-api\3.9.1\selenium-api-3.9.1.jar;C:\Users\Sshetty9\.m2\repository\org\seleniumhq\selenium\selenium-chrome-driver\3.9.1\selenium-chrome-driver-3.9.1.jar;C:\Users\Sshetty9\.m2\repository\org\seleniumhq\selenium\selenium-edge-driver\3.9.1\selenium-edge-driver-3.9.1.jar;C:\Users\Sshetty9\.m2\repository\org\seleniumhq\selenium\selenium-firefox-driver\3.9.1\selenium-firefox-driver-3.9.1.jar;C:\Users\Sshetty9\.m2\repository\org\seleniumhq\selenium\selenium-ie-driver\3.9.1\selenium-ie-driver-3.9.1.jar;C:\Users\Sshetty9\.m2\repository\org\seleniumhq\selenium\selenium-opera-driver\3.9.1\selenium-opera-driver-3.9.1.jar;C:\Users\Sshetty9\.m2\repository\org\seleniumhq\selenium\selenium-remote-driver\3.9.1\selenium-remote-driver-3.9.1.jar;C:\Users\Sshetty9\.m2\repository\org\seleniumhq\selenium\selenium-safari-driver\3.9.1\selenium-safari-driver-3.9.1.jar;C:\Users\Sshetty9\.m2\repository\org\seleniumhq\selenium\selenium-support\3.9.1\selenium-support-3.9.1.jar;C:\Users\Sshetty9\.m2\repository\net\bytebuddy\byte-buddy\1.7.9\byte-buddy-1.7.9.jar;C:\Users\Sshetty9\.m2\repository\org\apache\commons\commons-exec\1.3\commons-exec-1.3.jar;C:\Users\Sshetty9\.m2\repository\commons-codec\commons-codec\1.10\commons-codec-1.10.jar;C:\Users\Sshetty9\.m2\repository\commons-logging\commons-logging\1.2\commons-logging-1.2.jar;C:\Users\Sshetty9\.m2\repository\com\google\code\gson\gson\2.8.2\gson-2.8.2.jar;C:\Users\Sshetty9\.m2\repository\com\google\guava\guava\23.6-jre\guava-23.6-jre.jar;C:\Users\Sshetty9\.m2\repository\org\checkerframework\checker-compat-qual\2.0.0\checker-compat-qual-2.0.0.jar;C:\Users\Sshetty9\.m2\repository\com\google\j2objc\j2objc-annotations\1.1\j2objc-annotations-1.1.jar;C:\Users\Sshetty9\.m2\repository\org\codehaus\mojo\animal-sniffer-annotations\1.14\animal-sniffer-annotations-1.14.jar;C:\Users\Sshetty9\.m2\repository\org\apache\httpcomponents\httpclient\4.5.3\httpclient-4.5.3.jar;C:\Users\Sshetty9\.m2\repository\org\apache\httpcomponents\httpcore\4.4.6\httpcore-4.4.6.jar;C:\Users\Sshetty9\.m2\repository\com\squareup\okhttp3\okhttp\3.9.1\okhttp-3.9.1.jar;C:\Users\Sshetty9\.m2\repository\com\squareup\okio\okio\1.13.0\okio-1.13.0.jar;C:\Users\Sshetty9\.m2\repository\io\github\bonigarcia\webdrivermanager\3.7.1\webdrivermanager-3.7.1.jar;C:\Users\Sshetty9\.m2\repository\org\slf4j\slf4j-api\1.7.25\slf4j-api-1.7.25.jar;C:\Users\Sshetty9\.m2\repository\commons-io\commons-io\2.6\commons-io-2.6.jar;C:\Users\Sshetty9\.m2\repository\org\apache\commons\commons-lang3\3.8.1\commons-lang3-3.8.1.jar;C:\Users\Sshetty9\.m2\repository\org\rauschig\jarchivelib\1.0.0\jarchivelib-1.0.0.jar;C:\Users\Sshetty9\.m2\repository\org\apache\commons\commons-compress\1.18\commons-compress-1.18.jar;C:\Users\Sshetty9\.m2\repository\org\jsoup\jsoup\1.11.3\jsoup-1.11.3.jar;C:\Users\Sshetty9\.m2\repository\org\testng\testng\6.9.10\testng-6.9.10.jar;C:\Users\Sshetty9\.m2\repository\com\beust\jcommander\1.48\jcommander-1.48.jar;C:\Users\Sshetty9\.m2\repository\org\beanshell\bsh\2.0b4\bsh-2.0b4.jar;C:\Users\Sshetty9\.m2\repository\org\apache\commons\commons-text\1.8\commons-text-1.8.jar;C:\Users\Sshetty9\.m2\repository\com\aventstack\extentreports\4.0.9\extentreports-4.0.9.jar;C:\Users\Sshetty9\.m2\repository\org\freemarker\freemarker\2.3.23\freemarker-2.3.23.jar;C:\Users\Sshetty9\.m2\repository\org\mongodb\mongodb-driver\3.3.0\mongodb-driver-3.3.0.jar;C:\Users\Sshetty9\.m2\repository\org\mongodb\mongodb-driver-core\3.3.0\mongodb-driver-core-3.3.0.jar;C:\Users\Sshetty9\.m2\repository\org\mongodb\bson\3.3.0\bson-3.3.0.jar;C:\Users\Sshetty9\.m2\repository\org\apache\httpcomponents\httpmime\4.5.2\httpmime-4.5.2.jar;C:\Users\Sshetty9\.m2\repository\org\yaml\snakeyaml\1.26\snakeyaml-1.26.jar;C:\Users\Sshetty9\.m2\repository\com\cedarsoft\commons\io\8.5.1\io-8.5.1.jar;C:\Users\Sshetty9\.m2\repository\com\google\code\findbugs\jsr305\3.0.2\jsr305-3.0.2.jar;C:\Users\Sshetty9\.m2\repository\com\google\errorprone\error_prone_annotations\2.1.3\error_prone_annotations-2.1.3.jar;C:\Users\Sshetty9\.m2\repository\javax\inject\javax.inject\1\javax.inject-1.jar;C:\Users\Sshetty9\.m2\repository\org\assertj\assertj-core\3.9.0\assertj-core-3.9.0.jar;C:\Users\Sshetty9\.m2\repository\org\jetbrains\kotlin\kotlin-stdlib-jre8\1.2.20\kotlin-stdlib-jre8-1.2.20.jar;C:\Users\Sshetty9\.m2\repository\org\jetbrains\kotlin\kotlin-stdlib\1.2.20\kotlin-stdlib-1.2.20.jar;C:\Users\Sshetty9\.m2\repository\org\jetbrains\annotations\13.0\annotations-13.0.jar;C:\Users\Sshetty9\.m2\repository\org\jetbrains\kotlin\kotlin-stdlib-jre7\1.2.20\kotlin-stdlib-jre7-1.2.20.jar;C:\Users\Sshetty9\.m2\repository\org\jetbrains\kotlin\kotlin-reflect\1.2.20\kotlin-reflect-1.2.20.jar;C:\Users\Sshetty9\.m2\repository\org\apache\poi\poi\3.17\poi-3.17.jar;C:\Users\Sshetty9\.m2\repository\org\apache\commons\commons-collections4\4.1\commons-collections4-4.1.jar;C:\Users\Sshetty9\.m2\repository\org\apache\poi\poi-ooxml\3.15\poi-ooxml-3.15.jar;C:\Users\Sshetty9\.m2\repository\org\apache\poi\poi-ooxml-schemas\3.15\poi-ooxml-schemas-3.15.jar;C:\Users\Sshetty9\.m2\repository\org\apache\xmlbeans\xmlbeans\2.6.0\xmlbeans-2.6.0.jar;C:\Users\Sshetty9\.m2\repository\stax\stax-api\1.0.1\stax-api-1.0.1.jar;C:\Users\Sshetty9\.m2\repository\com\github\virtuald\curvesapi\1.04\curvesapi-1.04.jar;C:\Users\Sshetty9\.m2\repository\org\apache\commons\commons-email\1.2\commons-email-1.2.jar;C:\Users\Sshetty9\.m2\repository\javax\mail\mail\1.4.1\mail-1.4.1.jar;C:\Users\Sshetty9\.m2\repository\javax\activation\activation\1.1\activation-1.1.jar;"/>
    <property name="sun.cpu.endian" value="little"/>
    <property name="user.home" value="C:\Users\Sshetty9"/>
    <property name="user.language" value="en"/>
    <property name="java.specification.vendor" value="Oracle Corporation"/>
    <property name="java.home" value="C:\Program Files\Java\jdk1.8.0_221\jre"/>
    <property name="basedir" value="C:\ProMSAutomation"/>
    <property name="file.separator" value="\"/>
    <property name="line.separator" value="&#10;"/>
    <property name="java.vm.specification.vendor" value="Oracle Corporation"/>
    <property name="java.specification.name" value="Java Platform API Specification"/>
    <property name="java.awt.graphicsenv" value="sun.awt.Win32GraphicsEnvironment"/>
    <property name="surefire.real.class.path" value="C:\Users\Sshetty9\AppData\Local\Temp\surefire635374367084241334\surefirebooter4771307096867622007.jar"/>
    <property name="sun.boot.class.path" value="C:\Program Files\Java\jdk1.8.0_221\jre\lib\resources.jar;C:\Program Files\Java\jdk1.8.0_221\jre\lib\rt.jar;C:\Program Files\Java\jdk1.8.0_221\jre\lib\sunrsasign.jar;C:\Program Files\Java\jdk1.8.0_221\jre\lib\jsse.jar;C:\Program Files\Java\jdk1.8.0_221\jre\lib\jce.jar;C:\Program Files\Java\jdk1.8.0_221\jre\lib\charsets.jar;C:\Program Files\Java\jdk1.8.0_221\jre\lib\jfr.jar;C:\Program Files\Java\jdk1.8.0_221\jre\classes"/>
    <property name="user.script" value=""/>
    <property name="sun.management.compiler" value="HotSpot 64-Bit Tiered Compilers"/>
    <property name="java.runtime.version" value="1.8.0_221-b11"/>
    <property name="user.name" value="SShetty9"/>
    <property name="path.separator" value=";"/>
    <property name="os.version" value="6.1"/>
    <property name="java.endorsed.dirs" value="C:\Program Files\Java\jdk1.8.0_221\jre\lib\endorsed"/>
    <property name="java.runtime.name" value="Java(TM) SE Runtime Environment"/>
    <property name="file.encoding" value="Cp1252"/>
    <property name="java.vm.name" value="Java HotSpot(TM) 64-Bit Server VM"/>
    <property name="localRepository" value="C:\Users\Sshetty9\.m2\repository"/>
    <property name="java.vendor.url.bug" value="http://bugreport.sun.com/bugreport/"/>
    <property name="java.io.tmpdir" value="C:\Users\Sshetty9\AppData\Local\Temp\"/>
    <property name="java.version" value="1.8.0_221"/>
    <property name="user.dir" value="C:\ProMSAutomation"/>
    <property name="os.arch" value="amd64"/>
    <property name="java.vm.specification.name" value="Java Virtual Machine Specification"/>
    <property name="java.awt.printerjob" value="sun.awt.windows.WPrinterJob"/>
    <property name="sun.os.patch.level" value="Service Pack 1"/>
    <property name="java.library.path" value="C:\Program Files\Java\jdk1.8.0_221\jre\bin;C:\WINDOWS\Sun\Java\bin;C:\WINDOWS\system32;C:\WINDOWS;C:/Program Files/Java/jre1.8.0_221/bin/server;C:/Program Files/Java/jre1.8.0_221/bin;C:/Program Files/Java/jre1.8.0_221/lib/amd64;C:\Program Files (x86)\Common Files\Oracle\Java\javapath;C:\WINDOWS\system32;C:\WINDOWS;C:\WINDOWS\System32\Wbem;C:\WINDOWS\System32\WindowsPowerShell\v1.0\;C:\Program Files\Java\jdk1.8.0_221\bin;C:\Program Files\Git\cmd;C:\Users\Sshetty9\Downloads\eclipse-java-2019-06-R-win32-x86_64\eclipse;;."/>
    <property name="java.vm.info" value="mixed mode"/>
    <property name="java.vendor" value="Oracle Corporation"/>
    <property name="java.vm.version" value="25.221-b11"/>
    <property name="java.ext.dirs" value="C:\Program Files\Java\jdk1.8.0_221\jre\lib\ext;C:\WINDOWS\Sun\Java\lib\ext"/>
    <property name="sun.io.unicode.encoding" value="UnicodeLittle"/>
    <property name="java.class.version" value="52.0"/>
  </properties>
  <testcase name="TC_VerifySAPQuoteFieldsInProMS" classname="scripts.ProMS.ProMSScenarios_Test" time="9.31">
    <failure message="chrome not reachable&#10;  (Session info: chrome=80.0.3987.149)&#10;Build info: version: &apos;3.9.1&apos;, revision: &apos;63f7b50&apos;, time: &apos;2018-02-07T22:25:02.294Z&apos;&#10;System info: host: &apos;APINMUM4TQHH92&apos;, ip: &apos;172.28.56.61&apos;, os.name: &apos;Windows 7&apos;, os.arch: &apos;amd64&apos;, os.version: &apos;6.1&apos;, java.version: &apos;1.8.0_221&apos;&#10;Driver info: org.openqa.selenium.chrome.ChromeDriver&#10;Capabilities {acceptInsecureCerts: false, browserName: chrome, browserVersion: 80.0.3987.149, chrome: {chromedriverVersion: 80.0.3987.106 (f68069574609..., userDataDir: C:\Users\Sshetty9\AppData\L...}, goog:chromeOptions: {debuggerAddress: localhost:49612}, javascriptEnabled: true, networkConnectionEnabled: false, pageLoadStrategy: normal, platform: WINDOWS, platformName: WINDOWS, proxy: Proxy(), setWindowRect: true, strictFileInteractability: false, timeouts: {implicit: 0, pageLoad: 300000, script: 30000}, unhandledPromptBehavior: dismiss and notify}&#10;Session ID: b7cf4886e741b3f5cd45c4f4b72dcf8b&#10;*** Element info: {Using=xpath, value=//input[@name=&apos;loginfmt&apos;]}" type="org.openqa.selenium.WebDriverException"><![CDATA[org.openqa.selenium.WebDriverException: 
chrome not reachable
  (Session info: chrome=80.0.3987.149)
Build info: version: '3.9.1', revision: '63f7b50', time: '2018-02-07T22:25:02.294Z'
System info: host: 'APINMUM4TQHH92', ip: '172.28.56.61', os.name: 'Windows 7', os.arch: 'amd64', os.version: '6.1', java.version: '1.8.0_221'
Driver info: org.openqa.selenium.chrome.ChromeDriver
Capabilities {acceptInsecureCerts: false, browserName: chrome, browserVersion: 80.0.3987.149, chrome: {chromedriverVersion: 80.0.3987.106 (f68069574609..., userDataDir: C:\Users\Sshetty9\AppData\L...}, goog:chromeOptions: {debuggerAddress: localhost:49612}, javascriptEnabled: true, networkConnectionEnabled: false, pageLoadStrategy: normal, platform: WINDOWS, platformName: WINDOWS, proxy: Proxy(), setWindowRect: true, strictFileInteractability: false, timeouts: {implicit: 0, pageLoad: 300000, script: 30000}, unhandledPromptBehavior: dismiss and notify}
Session ID: b7cf4886e741b3f5cd45c4f4b72dcf8b
*** Element info: {Using=xpath, value=//input[@name='loginfmt']}
	at scripts.ProMS.ProMSScenarios_Test.TC_VerifySAPQuoteFieldsInProMS(ProMSScenarios_Test.java:53)
]]></failure>
    <system-out><![CDATA[[TestRunner] Running the tests in 'Surefire test' with parallel mode:false
[RunInfo] Adding method selector: org.testng.internal.XmlMethodSelector@59a6e353 priority: 10
Exception is  : .\src\main\resources\objectRepo\Desktop2.properties (The system cannot find the path specified)
Exception is  : .\src\main\resources\objectRepo\Desktop2.properties (The system cannot find the path specified)
[TestClass] Creating TestClass for [ClassImpl class=scripts.DCRM.DCRMScenarios_Test]
[TestClass] Adding method DCRMScenarios_Test.TC_CreateOpportunity(java.lang.String, java.lang.String, java.lang.String, java.lang.String, java.lang.String, java.lang.String, java.lang.String, java.lang.String, java.lang.String, java.lang.String)[pri:0, instance:null] on TestClass class scripts.DCRM.DCRMScenarios_Test
[XmlMethodSelector] Including method utilities.launchReport()
[XmlMethodSelector] Including method scripts.DCRM.LaunchT2Q()
[XmlMethodSelector] Including method scripts.DCRM.BeforeMethod()
[XmlMethodSelector] Including method scripts.DCRM.afterMethod()
[TestClass] Creating TestClass for [ClassImpl class=scripts.ProMS.ProMSScenarios_Test]
[TestClass] Adding method ProMSScenarios_Test.TC_VerifySAPQuoteFieldsInProMS(java.lang.String, java.lang.String, java.lang.String, java.lang.String)[pri:0, instance:null] on TestClass class scripts.ProMS.ProMSScenarios_Test
[TestClass] Adding method ProMSScenarios_Test.TC_DACalculatorCSM(java.lang.String, java.lang.String, java.lang.String, java.lang.String, java.lang.String, java.lang.String, java.lang.String, java.lang.String, java.lang.String, java.lang.String, java.lang.String, java.lang.String, java.lang.String, java.lang.String, java.lang.String)[pri:0, instance:null] on TestClass class scripts.ProMS.ProMSScenarios_Test
[TestClass] Adding method ProMSScenarios_Test.TC_DACalculatorPCB(java.lang.String, java.lang.String, java.lang.String, java.lang.String, java.lang.String, java.lang.String, java.lang.String, java.lang.String, java.lang.String, java.lang.String, java.lang.String, java.lang.String, java.lang.String)[pri:0, instance:null] on TestClass class scripts.ProMS.ProMSScenarios_Test
[TestClass] Adding method ProMSScenarios_Test.TC_FixedPricedQuoteLost(java.lang.String, java.lang.String, java.lang.String, java.lang.String, java.lang.String, java.lang.String, java.lang.String, java.lang.String, java.lang.String, java.lang.String, java.lang.String, java.lang.String)[pri:0, instance:null] on TestClass class scripts.ProMS.ProMSScenarios_Test
[TestClass] Adding method ProMSScenarios_Test.TC_ProposalNewVersion(java.lang.String, java.lang.String, java.lang.String, java.lang.String, java.lang.String, java.lang.String, java.lang.String, java.lang.String, java.lang.String, java.lang.String, java.lang.String, java.lang.String, java.lang.String)[pri:0, instance:null] on TestClass class scripts.ProMS.ProMSScenarios_Test
[TestClass] Adding method ProMSScenarios_Test.TC_CreateOpportunity(java.lang.String, java.lang.String, java.lang.String, java.lang.String, java.lang.String, java.lang.String, java.lang.String, java.lang.String, java.lang.String, java.lang.String, java.lang.String, java.lang.String, java.lang.String, java.lang.String, java.lang.String, java.lang.String)[pri:0, instance:null] on TestClass class scripts.ProMS.ProMSScenarios_Test
[TestClass] Adding method ProMSScenarios_Test.TC_DACalculatorSSB(java.lang.String, java.lang.String, java.lang.String, java.lang.String, java.lang.String, java.lang.String, java.lang.String, java.lang.String, java.lang.String, java.lang.String, java.lang.String, java.lang.String, java.lang.String, java.lang.String, java.lang.String, java.lang.String)[pri:0, instance:null] on TestClass class scripts.ProMS.ProMSScenarios_Test
[TestClass] Adding method ProMSScenarios_Test.TC_FixedPricedQuote(java.lang.String, java.lang.String, java.lang.String, java.lang.String, java.lang.String, java.lang.String, java.lang.String, java.lang.String, java.lang.String, java.lang.String, java.lang.String, java.lang.String)[pri:0, instance:null] on TestClass class scripts.ProMS.ProMSScenarios_Test
[TestClass] Adding method ProMSScenarios_Test.TC_BudgetaryQuote(java.lang.String, java.lang.String, java.lang.String, java.lang.String, java.lang.String, java.lang.String, java.lang.String, java.lang.String, java.lang.String, java.lang.String, java.lang.String, java.lang.String)[pri:0, instance:null] on TestClass class scripts.ProMS.ProMSScenarios_Test
[TestClass] Adding method ProMSScenarios_Test.TC_PMRouting(java.lang.String, java.lang.String, java.lang.String, java.lang.String, java.lang.String, java.lang.String, java.lang.String, java.lang.String, java.lang.String, java.lang.String, java.lang.String)[pri:0, instance:null] on TestClass class scripts.ProMS.ProMSScenarios_Test
[XmlMethodSelector] Including method scripts.ProMS.LaunchT2Q()
[XmlMethodSelector] Including method scripts.ProMS.BeforeMethod()
[XmlMethodSelector] Including method scripts.ProMS.afterMethod()
[XmlMethodSelector] Including method scripts.DCRM.TC_CreateOpportunity()
[XmlMethodSelector] Including method scripts.ProMS.TC_VerifySAPQuoteFieldsInProMS()
[XmlMethodSelector] Including method scripts.ProMS.TC_DACalculatorCSM()
[XmlMethodSelector] Including method scripts.ProMS.TC_DACalculatorPCB()
[XmlMethodSelector] Including method scripts.ProMS.TC_FixedPricedQuoteLost()
[XmlMethodSelector] Including method scripts.ProMS.TC_ProposalNewVersion()
[XmlMethodSelector] Including method scripts.ProMS.TC_CreateOpportunity()
[XmlMethodSelector] Including method scripts.ProMS.TC_DACalculatorSSB()
[XmlMethodSelector] Including method scripts.ProMS.TC_FixedPricedQuote()
[XmlMethodSelector] Including method scripts.ProMS.TC_BudgetaryQuote()
[XmlMethodSelector] Including method scripts.ProMS.TC_PMRouting()
[TestNG] Running:
  Command line suite

[SuiteRunner] Created 1 TestRunners
[TestRunner] Running test Surefire test on 2  classes,  included groups:[] excluded groups:[]
===== Test class
scripts.DCRM.DCRMScenarios_Test
  @BeforeClass DCRMScenarios_Test.LaunchT2Q()[pri:0, instance:scripts.DCRM.DCRMScenarios_Test@3d74bf60]
  @BeforeMethod DCRMScenarios_Test.BeforeMethod(java.lang.reflect.Method)[pri:0, instance:scripts.DCRM.DCRMScenarios_Test@3d74bf60]
    @Test DCRMScenarios_Test.TC_CreateOpportunity(java.lang.String, java.lang.String, java.lang.String, java.lang.String, java.lang.String, java.lang.String, java.lang.String, java.lang.String, java.lang.String, java.lang.String)[pri:0, instance:scripts.DCRM.DCRMScenarios_Test@3d74bf60]
  @AfterMethod DCRMScenarios_Test.afterMethod(org.testng.ITestResult)[pri:0, instance:scripts.DCRM.DCRMScenarios_Test@3d74bf60]
======
===== Test class
scripts.ProMS.ProMSScenarios_Test
  @BeforeClass ProMSScenarios_Test.LaunchT2Q()[pri:0, instance:scripts.ProMS.ProMSScenarios_Test@4f209819]
  @BeforeMethod ProMSScenarios_Test.BeforeMethod(java.lang.reflect.Method)[pri:0, instance:scripts.ProMS.ProMSScenarios_Test@4f209819]
    @Test ProMSScenarios_Test.TC_VerifySAPQuoteFieldsInProMS(java.lang.String, java.lang.String, java.lang.String, java.lang.String)[pri:0, instance:scripts.ProMS.ProMSScenarios_Test@4f209819]
    @Test ProMSScenarios_Test.TC_DACalculatorCSM(java.lang.String, java.lang.String, java.lang.String, java.lang.String, java.lang.String, java.lang.String, java.lang.String, java.lang.String, java.lang.String, java.lang.String, java.lang.String, java.lang.String, java.lang.String, java.lang.String, java.lang.String)[pri:0, instance:scripts.ProMS.ProMSScenarios_Test@4f209819]
    @Test ProMSScenarios_Test.TC_DACalculatorPCB(java.lang.String, java.lang.String, java.lang.String, java.lang.String, java.lang.String, java.lang.String, java.lang.String, java.lang.String, java.lang.String, java.lang.String, java.lang.String, java.lang.String, java.lang.String)[pri:0, instance:scripts.ProMS.ProMSScenarios_Test@4f209819]
    @Test ProMSScenarios_Test.TC_FixedPricedQuoteLost(java.lang.String, java.lang.String, java.lang.String, java.lang.String, java.lang.String, java.lang.String, java.lang.String, java.lang.String, java.lang.String, java.lang.String, java.lang.String, java.lang.String)[pri:0, instance:scripts.ProMS.ProMSScenarios_Test@4f209819]
    @Test ProMSScenarios_Test.TC_ProposalNewVersion(java.lang.String, java.lang.String, java.lang.String, java.lang.String, java.lang.String, java.lang.String, java.lang.String, java.lang.String, java.lang.String, java.lang.String, java.lang.String, java.lang.String, java.lang.String)[pri:0, instance:scripts.ProMS.ProMSScenarios_Test@4f209819]
    @Test ProMSScenarios_Test.TC_CreateOpportunity(java.lang.String, java.lang.String, java.lang.String, java.lang.String, java.lang.String, java.lang.String, java.lang.String, java.lang.String, java.lang.String, java.lang.String, java.lang.String, java.lang.String, java.lang.String, java.lang.String, java.lang.String, java.lang.String)[pri:0, instance:scripts.ProMS.ProMSScenarios_Test@4f209819]
    @Test ProMSScenarios_Test.TC_DACalculatorSSB(java.lang.String, java.lang.String, java.lang.String, java.lang.String, java.lang.String, java.lang.String, java.lang.String, java.lang.String, java.lang.String, java.lang.String, java.lang.String, java.lang.String, java.lang.String, java.lang.String, java.lang.String, java.lang.String)[pri:0, instance:scripts.ProMS.ProMSScenarios_Test@4f209819]
    @Test ProMSScenarios_Test.TC_FixedPricedQuote(java.lang.String, java.lang.String, java.lang.String, java.lang.String, java.lang.String, java.lang.String, java.lang.String, java.lang.String, java.lang.String, java.lang.String, java.lang.String, java.lang.String)[pri:0, instance:scripts.ProMS.ProMSScenarios_Test@4f209819]
    @Test ProMSScenarios_Test.TC_BudgetaryQuote(java.lang.String, java.lang.String, java.lang.String, java.lang.String, java.lang.String, java.lang.String, java.lang.String, java.lang.String, java.lang.String, java.lang.String, java.lang.String, java.lang.String)[pri:0, instance:scripts.ProMS.ProMSScenarios_Test@4f209819]
    @Test ProMSScenarios_Test.TC_PMRouting(java.lang.String, java.lang.String, java.lang.String, java.lang.String, java.lang.String, java.lang.String, java.lang.String, java.lang.String, java.lang.String, java.lang.String, java.lang.String)[pri:0, instance:scripts.ProMS.ProMSScenarios_Test@4f209819]
  @AfterMethod ProMSScenarios_Test.afterMethod(org.testng.ITestResult)[pri:0, instance:scripts.ProMS.ProMSScenarios_Test@4f209819]
======
[TestNG] RUNNING: Suite: "Surefire test" containing "11" Tests (config: null)
[Invoker 422396878] Keeping method DCRMScenarios_Test.LaunchT2Q()[pri:0, instance:scripts.DCRM.DCRMScenarios_Test@3d74bf60] for class [TestClass name=class scripts.DCRM.DCRMScenarios_Test]
[Invoker 422396878] Invoking @BeforeClass DCRMScenarios_Test.LaunchT2Q()[pri:0, instance:scripts.DCRM.DCRMScenarios_Test@3d74bf60]
[TestNG] INVOKING CONFIGURATION: "Surefire test" - @BeforeClass scripts.DCRM.DCRMScenarios_Test.LaunchT2Q()
Start
[TestNG] PASSED CONFIGURATION: "Surefire test" - @BeforeClass scripts.DCRM.DCRMScenarios_Test.LaunchT2Q() finished in 481 ms
[Invoker 422396878] Keeping method DCRMScenarios_Test.BeforeMethod(java.lang.reflect.Method)[pri:0, instance:scripts.DCRM.DCRMScenarios_Test@3d74bf60] for class [TestClass name=class scripts.DCRM.DCRMScenarios_Test]
[Invoker 422396878] Keeping method DCRMScenarios_Test.afterMethod(org.testng.ITestResult)[pri:0, instance:scripts.DCRM.DCRMScenarios_Test@3d74bf60] for class [TestClass name=class scripts.DCRM.DCRMScenarios_Test]
[Invoker 422396878] Keeping method ProMSScenarios_Test.LaunchT2Q()[pri:0, instance:scripts.ProMS.ProMSScenarios_Test@4f209819] for class [TestClass name=class scripts.ProMS.ProMSScenarios_Test]
[Invoker 422396878] Invoking @BeforeClass ProMSScenarios_Test.LaunchT2Q()[pri:0, instance:scripts.ProMS.ProMSScenarios_Test@4f209819]
[TestNG] INVOKING CONFIGURATION: "Surefire test" - @BeforeClass scripts.ProMS.ProMSScenarios_Test.LaunchT2Q()
Start
[TestNG] PASSED CONFIGURATION: "Surefire test" - @BeforeClass scripts.ProMS.ProMSScenarios_Test.LaunchT2Q() finished in 6 ms
[Invoker 422396878] Keeping method ProMSScenarios_Test.BeforeMethod(java.lang.reflect.Method)[pri:0, instance:scripts.ProMS.ProMSScenarios_Test@4f209819] for class [TestClass name=class scripts.ProMS.ProMSScenarios_Test]
[Invoker 422396878] Keeping method ProMSScenarios_Test.afterMethod(org.testng.ITestResult)[pri:0, instance:scripts.ProMS.ProMSScenarios_Test@4f209819] for class [TestClass name=class scripts.ProMS.ProMSScenarios_Test]
[Invoker 422396878] Keeping method ProMSScenarios_Test.BeforeMethod(java.lang.reflect.Method)[pri:0, instance:scripts.ProMS.ProMSScenarios_Test@4f209819] for class [TestClass name=class scripts.ProMS.ProMSScenarios_Test]
[Invoker 422396878] Keeping method ProMSScenarios_Test.afterMethod(org.testng.ITestResult)[pri:0, instance:scripts.ProMS.ProMSScenarios_Test@4f209819] for class [TestClass name=class scripts.ProMS.ProMSScenarios_Test]
[Invoker 422396878] Keeping method ProMSScenarios_Test.BeforeMethod(java.lang.reflect.Method)[pri:0, instance:scripts.ProMS.ProMSScenarios_Test@4f209819] for class [TestClass name=class scripts.ProMS.ProMSScenarios_Test]
[Invoker 422396878] Keeping method ProMSScenarios_Test.afterMethod(org.testng.ITestResult)[pri:0, instance:scripts.ProMS.ProMSScenarios_Test@4f209819] for class [TestClass name=class scripts.ProMS.ProMSScenarios_Test]
[Invoker 422396878] Keeping method ProMSScenarios_Test.BeforeMethod(java.lang.reflect.Method)[pri:0, instance:scripts.ProMS.ProMSScenarios_Test@4f209819] for class [TestClass name=class scripts.ProMS.ProMSScenarios_Test]
[Invoker 422396878] Keeping method ProMSScenarios_Test.afterMethod(org.testng.ITestResult)[pri:0, instance:scripts.ProMS.ProMSScenarios_Test@4f209819] for class [TestClass name=class scripts.ProMS.ProMSScenarios_Test]
[Invoker 422396878] Keeping method ProMSScenarios_Test.BeforeMethod(java.lang.reflect.Method)[pri:0, instance:scripts.ProMS.ProMSScenarios_Test@4f209819] for class [TestClass name=class scripts.ProMS.ProMSScenarios_Test]
[Invoker 422396878] Keeping method ProMSScenarios_Test.afterMethod(org.testng.ITestResult)[pri:0, instance:scripts.ProMS.ProMSScenarios_Test@4f209819] for class [TestClass name=class scripts.ProMS.ProMSScenarios_Test]
[Invoker 422396878] Keeping method ProMSScenarios_Test.BeforeMethod(java.lang.reflect.Method)[pri:0, instance:scripts.ProMS.ProMSScenarios_Test@4f209819] for class [TestClass name=class scripts.ProMS.ProMSScenarios_Test]
[Invoker 422396878] Keeping method ProMSScenarios_Test.afterMethod(org.testng.ITestResult)[pri:0, instance:scripts.ProMS.ProMSScenarios_Test@4f209819] for class [TestClass name=class scripts.ProMS.ProMSScenarios_Test]
[Invoker 422396878] Keeping method ProMSScenarios_Test.BeforeMethod(java.lang.reflect.Method)[pri:0, instance:scripts.ProMS.ProMSScenarios_Test@4f209819] for class [TestClass name=class scripts.ProMS.ProMSScenarios_Test]
[Invoker 422396878] Keeping method ProMSScenarios_Test.afterMethod(org.testng.ITestResult)[pri:0, instance:scripts.ProMS.ProMSScenarios_Test@4f209819] for class [TestClass name=class scripts.ProMS.ProMSScenarios_Test]
[Invoker 422396878] Keeping method ProMSScenarios_Test.BeforeMethod(java.lang.reflect.Method)[pri:0, instance:scripts.ProMS.ProMSScenarios_Test@4f209819] for class [TestClass name=class scripts.ProMS.ProMSScenarios_Test]
[Invoker 422396878] Keeping method ProMSScenarios_Test.afterMethod(org.testng.ITestResult)[pri:0, instance:scripts.ProMS.ProMSScenarios_Test@4f209819] for class [TestClass name=class scripts.ProMS.ProMSScenarios_Test]
[Invoker 422396878] Keeping method ProMSScenarios_Test.BeforeMethod(java.lang.reflect.Method)[pri:0, instance:scripts.ProMS.ProMSScenarios_Test@4f209819] for class [TestClass name=class scripts.ProMS.ProMSScenarios_Test]
[Invoker 422396878] Keeping method ProMSScenarios_Test.afterMethod(org.testng.ITestResult)[pri:0, instance:scripts.ProMS.ProMSScenarios_Test@4f209819] for class [TestClass name=class scripts.ProMS.ProMSScenarios_Test]
[Invoker 422396878] Keeping method ProMSScenarios_Test.BeforeMethod(java.lang.reflect.Method)[pri:0, instance:scripts.ProMS.ProMSScenarios_Test@4f209819] for class [TestClass name=class scripts.ProMS.ProMSScenarios_Test]
[Invoker 422396878] Keeping method ProMSScenarios_Test.afterMethod(org.testng.ITestResult)[pri:0, instance:scripts.ProMS.ProMSScenarios_Test@4f209819] for class [TestClass name=class scripts.ProMS.ProMSScenarios_Test]
excelData[0][0]=Yes
excelData[0][1]=25315982
excelData[0][2]=5000
excelData[0][3]=10
[Invoker 422396878] Keeping method ProMSScenarios_Test.BeforeMethod(java.lang.reflect.Method)[pri:0, instance:scripts.ProMS.ProMSScenarios_Test@4f209819] for class [TestClass name=class scripts.ProMS.ProMSScenarios_Test]
[Invoker 422396878] Invoking @BeforeMethod ProMSScenarios_Test.BeforeMethod(java.lang.reflect.Method)[pri:0, instance:scripts.ProMS.ProMSScenarios_Test@4f209819]
[TestNG] INVOKING CONFIGURATION: "Surefire test" - @BeforeMethod scripts.ProMS.ProMSScenarios_Test.BeforeMethod(java.lang.reflect.Method)(value(s): public void scripts.ProMS.ProMSScenarios_Test.TC_VerifySAPQuoteFieldsInProMS(java.lang.String,java.lang.String,java.lang.String,java.lang.String) throws java.lang.InterruptedException,java.awt.AWTException,java.io.IOException)
***Launch Application*****
[TestNG] PASSED CONFIGURATION: "Surefire test" - @BeforeMethod scripts.ProMS.ProMSScenarios_Test.BeforeMethod(java.lang.reflect.Method)(value(s): public void scripts.ProMS.ProMSScenarios_Test.TC_VerifySAPQuoteFieldsInProMS(java.lang.String,java.lang.String,java.lang.String,java.lang.String) throws java.lang.InterruptedException,java.awt.AWTException,java.io.IOException) finished in 9193 ms
[TestNG] INVOKING: "Surefire test" - scripts.ProMS.ProMSScenarios_Test.TC_VerifySAPQuoteFieldsInProMS(java.lang.String, java.lang.String, java.lang.String, java.lang.String)(value(s): "Yes", "25315982", "5000", "10")
[Invoker 422396878] Invoking scripts.ProMS.ProMSScenarios_Test.TC_VerifySAPQuoteFieldsInProMS
Exception is  : .\src\main\resources\objectRepo\Desktop2.properties (The system cannot find the path specified)
]]></system-out>
    <system-err><![CDATA[SLF4J: Failed to load class "org.slf4j.impl.StaticLoggerBinder".
SLF4J: Defaulting to no-operation (NOP) logger implementation
SLF4J: See http://www.slf4j.org/codes.html#StaticLoggerBinder for further details.
Starting ChromeDriver 80.0.3987.106 (f68069574609230cf9b635cd784cfb1bf81bb53a-refs/branch-heads/3987@{#882}) on port 49005
Only local connections are allowed.
Please protect ports used by ChromeDriver and related test frameworks to prevent access by malicious code.
Apr 06, 2020 5:46:37 PM org.openqa.selenium.remote.ProtocolHandshake createSession
INFO: Detected dialect: W3C
[1586175398.897][SEVERE]: Unable to receive message from renderer
[1586175402.903][WARNING]: Timed out connecting to Chrome, retrying...
]]></system-err>
  </testcase>
</testsuite>