<?xml version="1.0" encoding="UTF-8"?>
<!-- Generated by org.testng.reporters.JUnitReportReporter -->
<testsuite skipped="0" hostname="DESKTOP-G0D562V" name="WT_Testcases.ExtentDemo" tests="1" failures="0" timestamp="2020-06-03T01:18:39 IST" time="16.472" errors="0">
  <testcase name="myCase" time="16.472" classname="WT_Testcases.ExtentDemo"/>
  <system-out/>
</testsuite> <!-- WT_Testcases.ExtentDemo -->
