<?xml version="1.0" encoding="UTF-8"?>
<!-- Generated by org.testng.reporters.JUnitReportReporter -->
<testsuite skipped="0" hostname="DESKTOP-G0D562V" name="scripts.DCRM.Rough" tests="1" failures="0" timestamp="2020-05-29T18:50:40 IST" time="0.017" errors="0">
  <testcase name="demo" time="0.017" classname="scripts.DCRM.Rough"/>
  <system-out/>
</testsuite> <!-- scripts.DCRM.Rough -->
