<?xml version="1.0" encoding="UTF-8"?>
<!-- Generated by org.testng.reporters.JUnitReportReporter -->
<testsuite skipped="2" hostname="DESKTOP-G0D562V" name="WT_Testcases.WT_RegressionTest" tests="2" failures="0" timestamp="2020-06-04T01:04:12 IST" time="0.000" errors="0">
  <testcase name="myCase" time="0.000" classname="WT_Testcases.WT_RegressionTest">
    <skipped/>
  </testcase> <!-- myCase -->
  <system-out/>
  <testcase name="WT_Register" time="0.000" classname="WT_Testcases.WT_RegressionTest">
    <skipped/>
  </testcase> <!-- WT_Register -->
  <system-out/>
</testsuite> <!-- WT_Testcases.WT_RegressionTest -->
