<?xml version="1.0" encoding="UTF-8"?>
<!-- Generated by org.testng.reporters.JUnitReportReporter -->
<testsuite hostname="APINNOI2LW5QN2" name="scripts.Dashboard.DashboardScenarios_Test" tests="2" failures="0" timestamp="15 Jul 2019 06:32:54 GMT" time="92.853" errors="0">
  <testcase name="TC_DashboardExportList" time="38.420" classname="scripts.Dashboard.DashboardScenarios_Test"/>
  <testcase name="TC_DashboardExportList" time="54.433" classname="scripts.Dashboard.DashboardScenarios_Test"/>
</testsuite> <!-- scripts.Dashboard.DashboardScenarios_Test -->
