<?xml version="1.0" encoding="UTF-8"?>
<!-- Generated by org.testng.reporters.JUnitReportReporter -->
<testsuite skipped="0" hostname="DESKTOP-G0D562V" name="AP_TestCases.AP_RegressionTest" tests="2" failures="0" timestamp="2020-06-03T20:03:43 IST" time="108.770" errors="0">
  <testcase name="AT_01_NewAccount" time="66.690" classname="AP_TestCases.AP_RegressionTest"/>
  <system-out/>
  <testcase name="AT_01_NewAccount" time="42.080" classname="AP_TestCases.AP_RegressionTest"/>
  <system-out/>
</testsuite> <!-- AP_TestCases.AP_RegressionTest -->
