<?xml version="1.0" encoding="UTF-8"?>
<!-- Generated by org.testng.reporters.JUnitReportReporter -->
<testsuite skipped="0" hostname="DESKTOP-G0D562V" name="WT_Testcases.WT_RegressionTest" tests="3" failures="0" timestamp="2020-06-02T02:05:38 IST" time="40.237" errors="0">
  <testcase name="myCase" time="11.580" classname="WT_Testcases.WT_RegressionTest"/>
  <system-out/>
  <testcase name="myCase" time="16.376" classname="WT_Testcases.WT_RegressionTest"/>
  <system-out/>
  <testcase name="myCase" time="12.281" classname="WT_Testcases.WT_RegressionTest"/>
  <system-out/>
</testsuite> <!-- WT_Testcases.WT_RegressionTest -->
