<?xml version="1.0" encoding="UTF-8"?>
<!-- Generated by org.testng.reporters.JUnitReportReporter -->
<testsuite hostname="APINNOI2LW5QN2" name="scripts.DocPro.DocProScenarios_Test" tests="37" failures="0" timestamp="29 May 2019 07:48:01 GMT" time="3728.032" errors="0">
  <testcase name="TC_DocProPlantChangeTileValidation_Tools" time="124.301" classname="scripts.DocPro.DocProScenarios_Test"/>
  <testcase name="TC_DocProOrderSearch_IC" time="60.153" classname="scripts.DocPro.DocProScenarios_Test"/>
  <testcase name="TC_DocProRequestDocumentPageValidation_CDDocs" time="61.671" classname="scripts.DocPro.DocProScenarios_Test"/>
  <testcase name="TC_DocProOrderSearch_CDDocs" time="44.196" classname="scripts.DocPro.DocProScenarios_Test"/>
  <testcase name="TC_DocProOrderSearch_IC" time="45.822" classname="scripts.DocPro.DocProScenarios_Test"/>
  <testcase name="TC_DocProInitialValidation_Tools" time="27.974" classname="scripts.DocPro.DocProScenarios_Test"/>
  <testcase name="TC_DocProInitialValidation_IC" time="63.073" classname="scripts.DocPro.DocProScenarios_Test"/>
  <testcase name="TC_DocProOrderUpload_IC" time="129.031" classname="scripts.DocPro.DocProScenarios_Test"/>
  <testcase name="TC_DocProOrderUpload_IC" time="129.782" classname="scripts.DocPro.DocProScenarios_Test"/>
  <testcase name="TC_DocProOrderUpload_IC" time="126.270" classname="scripts.DocPro.DocProScenarios_Test"/>
  <testcase name="TC_DocProOrderUpload_IC" time="129.026" classname="scripts.DocPro.DocProScenarios_Test"/>
  <testcase name="TC_DocProDeliveryTileValidation_Tools" time="82.866" classname="scripts.DocPro.DocProScenarios_Test"/>
  <testcase name="TC_DocProOrderSearch_IC" time="43.119" classname="scripts.DocPro.DocProScenarios_Test"/>
  <testcase name="TC_DocProOrderSearch_CDDocs" time="55.601" classname="scripts.DocPro.DocProScenarios_Test"/>
  <testcase name="TC_DocProOrderModuleLogDetails_IC" time="129.852" classname="scripts.DocPro.DocProScenarios_Test"/>
  <testcase name="TC_DocProRequestDocumentPageValidation_CDDocs" time="58.667" classname="scripts.DocPro.DocProScenarios_Test"/>
  <testcase name="TC_DocProStatusChangeTileValidation_Tools" time="110.288" classname="scripts.DocPro.DocProScenarios_Test"/>
  <testcase name="TC_DocProOrderModuleLogDetails_IC" time="153.907" classname="scripts.DocPro.DocProScenarios_Test"/>
  <testcase name="TC_DocProOrderModuleLogDetails_IC" time="61.323" classname="scripts.DocPro.DocProScenarios_Test"/>
  <testcase name="TC_DocProInitialValidation_CDDocs" time="27.289" classname="scripts.DocPro.DocProScenarios_Test"/>
  <testcase name="TC_DocProDocumentationStatusCheckboxesValidation_CDDocs" time="60.397" classname="scripts.DocPro.DocProScenarios_Test"/>
  <testcase name="TC_DocProOrderModuleLogDetails_IC" time="63.986" classname="scripts.DocPro.DocProScenarios_Test"/>
  <testcase name="TC_DocProActionsValidationForICStatus_IC" time="349.244" classname="scripts.DocPro.DocProScenarios_Test"/>
  <testcase name="TC_DocProDeliveryTileValidation_Tools" time="80.618" classname="scripts.DocPro.DocProScenarios_Test"/>
  <testcase name="TC_DocProOrderSearch_IC" time="61.863" classname="scripts.DocPro.DocProScenarios_Test"/>
  <testcase name="TC_DocProOrderUpload_IC" time="129.066" classname="scripts.DocPro.DocProScenarios_Test"/>
  <testcase name="TC_DocProStatusFilter_IC" time="337.596" classname="scripts.DocPro.DocProScenarios_Test"/>
  <testcase name="TC_DocProDocumentationStatusCheckboxesValidation_CDDocs" time="60.364" classname="scripts.DocPro.DocProScenarios_Test"/>
  <testcase name="TC_DocProOrderUpload_IC" time="131.036" classname="scripts.DocPro.DocProScenarios_Test"/>
  <testcase name="TC_DocProOrderSearch_IC" time="61.613" classname="scripts.DocPro.DocProScenarios_Test"/>
  <testcase name="TC_DocProCommissioningTileValidation_Tools" time="77.169" classname="scripts.DocPro.DocProScenarios_Test"/>
  <testcase name="TC_DocProOrderDownload_IC" time="84.460" classname="scripts.DocPro.DocProScenarios_Test"/>
  <testcase name="TC_DocProOrderUpload_IC" time="127.438" classname="scripts.DocPro.DocProScenarios_Test"/>
  <testcase name="TC_DocProRequestDocumentCollection_CDDocs" time="178.419" classname="scripts.DocPro.DocProScenarios_Test"/>
  <testcase name="TC_DocProOrderUpload_IC" time="129.175" classname="scripts.DocPro.DocProScenarios_Test"/>
  <testcase name="TC_DocProOrderSearch_CDDocs" time="41.952" classname="scripts.DocPro.DocProScenarios_Test"/>
  <testcase name="TC_DocProArchiveTileValidation_Tools" time="89.425" classname="scripts.DocPro.DocProScenarios_Test"/>
</testsuite> <!-- scripts.DocPro.DocProScenarios_Test -->
