<?xml version="1.0" encoding="UTF-8"?>
<!-- Generated by org.testng.reporters.JUnitReportReporter -->
<testsuite skipped="0" hostname="DESKTOP-G0D562V" name="WT_Testcases.WT_RegressionTest" tests="2" failures="0" timestamp="2020-06-03T01:18:39 IST" time="22.348" errors="0">
  <testcase name="WT_Register" time="8.787" classname="WT_Testcases.WT_RegressionTest"/>
  <system-out/>
  <testcase name="myCase" time="13.561" classname="WT_Testcases.WT_RegressionTest"/>
  <system-out/>
</testsuite> <!-- WT_Testcases.WT_RegressionTest -->
