<?xml version="1.0" encoding="UTF-8"?>
<!-- Generated by org.testng.reporters.JUnitReportReporter -->
<testsuite skipped="0" hostname="DESKTOP-G0D562V" name="WT_Testcases.WT_RegressionTest_Second" tests="8" failures="0" timestamp="2020-06-01T11:33:55 IST" time="129.619" errors="1">
  <testcase name="myCase2" time="6.695" classname="WT_Testcases.WT_RegressionTest_Second"/>
  <system-out/>
  <testcase name="myCase" time="29.169" classname="WT_Testcases.WT_RegressionTest_Second"/>
  <system-out/>
  <testcase name="myCase2" time="6.071" classname="WT_Testcases.WT_RegressionTest_Second"/>
  <system-out/>
  <testcase name="WT_Register" time="18.005" classname="WT_Testcases.WT_RegressionTest_Second"/>
  <system-out/>
  <testcase name="WT_Register" time="21.296" classname="WT_Testcases.WT_RegressionTest_Second"/>
  <system-out/>
  <testcase name="myCase2" time="7.252" classname="WT_Testcases.WT_RegressionTest_Second"/>
  <system-out/>
  <testcase name="myCase" time="30.351" classname="WT_Testcases.WT_RegressionTest_Second">
    <error type="java.lang.NullPointerException">
      <![CDATA[java.lang.NullPointerException
at utilities.CommonMethod.isPresentAndDisplayed(CommonMethod.java:114)
at WT_Pages.WT_ReservationPage.verifyReservationPageVisible(WT_ReservationPage.java:63)
at WT_Testcases.WT_RegressionTest_Second.myCase(WT_RegressionTest_Second.java:135)
at sun.reflect.NativeMethodAccessorImpl.invoke0(Native Method)
at sun.reflect.NativeMethodAccessorImpl.invoke(NativeMethodAccessorImpl.java:62)
at sun.reflect.DelegatingMethodAccessorImpl.invoke(DelegatingMethodAccessorImpl.java:43)
at java.lang.reflect.Method.invoke(Method.java:498)
at org.testng.internal.MethodInvocationHelper.invokeMethod(MethodInvocationHelper.java:135)
at org.testng.internal.TestInvoker.invokeMethod(TestInvoker.java:598)
at org.testng.internal.TestInvoker.invokeTestMethod(TestInvoker.java:174)
at org.testng.internal.MethodRunner.runInSequence(MethodRunner.java:46)
at org.testng.internal.TestInvoker$MethodInvocationAgent.invoke(TestInvoker.java:821)
at org.testng.internal.TestInvoker.invokeTestMethods(TestInvoker.java:147)
at org.testng.internal.TestMethodWorker.invokeTestMethods(TestMethodWorker.java:146)
at org.testng.internal.TestMethodWorker.run(TestMethodWorker.java:128)
at java.util.ArrayList.forEach(ArrayList.java:1257)
at org.testng.TestRunner.privateRun(TestRunner.java:767)
at org.testng.TestRunner.run(TestRunner.java:588)
at org.testng.SuiteRunner.runTest(SuiteRunner.java:384)
at org.testng.SuiteRunner.runSequentially(SuiteRunner.java:378)
at org.testng.SuiteRunner.privateRun(SuiteRunner.java:337)
at org.testng.SuiteRunner.run(SuiteRunner.java:286)
at org.testng.SuiteRunnerWorker.runSuite(SuiteRunnerWorker.java:53)
at org.testng.SuiteRunnerWorker.run(SuiteRunnerWorker.java:96)
at org.testng.TestNG.runSuitesSequentially(TestNG.java:1214)
at org.testng.TestNG.runSuitesLocally(TestNG.java:1136)
at org.testng.TestNG.runSuites(TestNG.java:1066)
at org.testng.TestNG.run(TestNG.java:1034)
at org.testng.remote.AbstractRemoteTestNG.run(AbstractRemoteTestNG.java:115)
at org.testng.remote.RemoteTestNG.initAndRun(RemoteTestNG.java:251)
at org.testng.remote.RemoteTestNG.main(RemoteTestNG.java:77)
]]>
    </error>
  </testcase> <!-- myCase -->
  <system-out/>
  <testcase name="myCase" time="10.780" classname="WT_Testcases.WT_RegressionTest_Second"/>
  <system-out/>
</testsuite> <!-- WT_Testcases.WT_RegressionTest_Second -->
