<?xml version="1.0" encoding="UTF-8"?>
<!-- Generated by org.testng.reporters.JUnitReportReporter -->
<testsuite hostname="APINNOI2LW5QN2" name="scripts.LabelDataEditor.LabelDataEditorScenarios_Test" tests="12" failures="0" timestamp="28 Mar 2019 11:24:09 GMT" time="734.771" errors="0">
  <testcase name="TC_LabelDataEditorFetchEditLabelsTab" time="32.503" classname="scripts.LabelDataEditor.LabelDataEditorScenarios_Test"/>
  <testcase name="TC_LabelDataEditorPreviewInfoEditLabels" time="51.817" classname="scripts.LabelDataEditor.LabelDataEditorScenarios_Test"/>
  <testcase name="TC_LabelDataEditorInitialValidation" time="53.298" classname="scripts.LabelDataEditor.LabelDataEditorScenarios_Test"/>
  <testcase name="TC_LabelDataEditorModifyEditNameplatesTab" time="56.658" classname="scripts.LabelDataEditor.LabelDataEditorScenarios_Test"/>
  <testcase name="TC_LabelDataEditorModifyEditNameplatesTree" time="100.426" classname="scripts.LabelDataEditor.LabelDataEditorScenarios_Test"/>
  <testcase name="TC_LabelDataEditorModifyEditUnitLabelsTree" time="106.520" classname="scripts.LabelDataEditor.LabelDataEditorScenarios_Test"/>
  <testcase name="TC_LabelDataEditorFetchEditUnitLabelsTree" time="69.100" classname="scripts.LabelDataEditor.LabelDataEditorScenarios_Test"/>
  <testcase name="TC_LabelDataEditorModifyEditLabelsTab" time="56.153" classname="scripts.LabelDataEditor.LabelDataEditorScenarios_Test"/>
  <testcase name="TC_LabelDataEditorInitialValidation" time="43.550" classname="scripts.LabelDataEditor.LabelDataEditorScenarios_Test"/>
  <testcase name="TC_LabelDataEditorFetchEditNameplatesTree" time="73.581" classname="scripts.LabelDataEditor.LabelDataEditorScenarios_Test"/>
  <testcase name="TC_LabelDataEditorExportImportNameplates" time="59.628" classname="scripts.LabelDataEditor.LabelDataEditorScenarios_Test"/>
  <testcase name="TC_LabelDataEditorFetchEditNameplatesTab" time="31.537" classname="scripts.LabelDataEditor.LabelDataEditorScenarios_Test"/>
</testsuite> <!-- scripts.LabelDataEditor.LabelDataEditorScenarios_Test -->
