<?xml version="1.0" encoding="UTF-8"?>
<!-- Generated by org.testng.reporters.JUnitReportReporter -->
<testsuite hostname="APINNOI2LW5QN2" name="scripts.DIRManagement.DIRManagementScenarios_Test" tests="7" failures="0" timestamp="3 Apr 2019 09:39:21 GMT" time="468.897" errors="0">
  <testcase name="TC_DIRManagementFetchFilePath" time="126.960" classname="scripts.DIRManagement.DIRManagementScenarios_Test"/>
  <testcase name="TC_DIRManagementInitialValidation" time="21.026" classname="scripts.DIRManagement.DIRManagementScenarios_Test"/>
  <testcase name="TC_DIRManagementAddNewDIRs" time="52.563" classname="scripts.DIRManagement.DIRManagementScenarios_Test"/>
  <testcase name="TC_DIRManagementSendToSAP" time="140.219" classname="scripts.DIRManagement.DIRManagementScenarios_Test"/>
  <testcase name="TC_DIRManagementInitialValidation" time="33.386" classname="scripts.DIRManagement.DIRManagementScenarios_Test"/>
  <testcase name="TC_DIRManagementAddNewDIRs" time="51.007" classname="scripts.DIRManagement.DIRManagementScenarios_Test"/>
  <testcase name="TC_DIRManagementUpdateDescription" time="43.736" classname="scripts.DIRManagement.DIRManagementScenarios_Test"/>
</testsuite> <!-- scripts.DIRManagement.DIRManagementScenarios_Test -->
