<?xml version="1.0" encoding="UTF-8"?>
<!-- Generated by org.testng.reporters.JUnitReportReporter -->
<testsuite skipped="0" hostname="DESKTOP-G0D562V" name="WT_Testcases.WT_RegressionTest2" tests="3" failures="0" timestamp="2020-06-02T02:05:38 IST" time="68.324" errors="0">
  <testcase name="myCase" time="32.131" classname="WT_Testcases.WT_RegressionTest2"/>
  <system-out/>
  <testcase name="myCase" time="15.271" classname="WT_Testcases.WT_RegressionTest2"/>
  <system-out/>
  <testcase name="myCase" time="20.922" classname="WT_Testcases.WT_RegressionTest2"/>
  <system-out/>
</testsuite> <!-- WT_Testcases.WT_RegressionTest2 -->
