<?xml version="1.0" encoding="UTF-8"?>
<!-- Generated by org.testng.reporters.JUnitReportReporter -->
<testsuite skipped="0" hostname="DESKTOP-G0D562V" name="WT_Testcases.WT_RegressionTest2" tests="1" failures="0" timestamp="2020-06-02T22:52:40 IST" time="8.607" errors="0">
  <testcase name="WT_Register" time="8.607" classname="WT_Testcases.WT_RegressionTest2"/>
  <system-out/>
</testsuite> <!-- WT_Testcases.WT_RegressionTest2 -->
